\BOOKMARK [0][-]{chapter*.1}{Acknowledgements}{}% 1
\BOOKMARK [0][-]{chapter*.1}{Abstract}{}% 2
\BOOKMARK [0][-]{chapter*.3}{List of Tables}{}% 3
\BOOKMARK [0][-]{chapter*.4}{List of Figures}{}% 4
\BOOKMARK [0][-]{chapter.1}{Introduction}{}% 5
\BOOKMARK [1][-]{section.1.1}{Objectives and Significance}{chapter.1}% 6
\BOOKMARK [2][-]{subsection.1.1.1}{Use in Research \046 Systems Development}{section.1.1}% 7
\BOOKMARK [1][-]{section.1.2}{Contributions}{chapter.1}% 8
\BOOKMARK [1][-]{section.1.3}{Chapters}{chapter.1}% 9
\BOOKMARK [0][-]{chapter.2}{Preliminaries}{}% 10
\BOOKMARK [1][-]{section.2.1}{Safety Verification}{chapter.2}% 11
\BOOKMARK [0][-]{chapter.3}{Related Work}{}% 12
\BOOKMARK [1][-]{section.3.1}{UNSAT cores and Minimal UNSAT Subformulae}{chapter.3}% 13
\BOOKMARK [1][-]{section.3.2}{Proof/Lemma Minimization}{chapter.3}% 14
\BOOKMARK [1][-]{section.3.3}{Conformance}{chapter.3}% 15
\BOOKMARK [2][-]{subsection.3.3.1}{Commercial Model Checkers}{section.3.3}% 16
\BOOKMARK [1][-]{section.3.4}{Slicing}{chapter.3}% 17
\BOOKMARK [1][-]{section.3.5}{Traceability}{chapter.3}% 18
\BOOKMARK [1][-]{section.3.6}{Requirements Adequacy}{chapter.3}% 19
\BOOKMARK [2][-]{subsection.3.6.1}{Coverage and Mutations}{section.3.6}% 20
\BOOKMARK [1][-]{section.3.7}{Vacuity Detection}{chapter.3}% 21
\BOOKMARK [1][-]{section.3.8}{Safety Standards}{chapter.3}% 22
\BOOKMARK [0][-]{chapter.4}{Inductive Validity Cores}{}% 23
\BOOKMARK [1][-]{section.4.1}{Algorithms for computing an inductive validity core}{chapter.4}% 24
\BOOKMARK [1][-]{section.4.2}{Algorithm for computing all minimal inductive validity cores}{chapter.4}% 25
\BOOKMARK [1][-]{section.4.3}{Illustration}{chapter.4}% 26
\BOOKMARK [0][-]{chapter.5}{Implementation}{}% 27
\BOOKMARK [0][-]{chapter.6}{Experiment}{}% 28
\BOOKMARK [1][-]{subsection.6.0.1}{Experimental Setup}{chapter.6}% 29
\BOOKMARK [1][-]{section.6.1}{Experimental Results}{chapter.6}% 30
\BOOKMARK [0][-]{chapter.7}{Applications}{}% 31
\BOOKMARK [1][-]{section.7.1}{Automatic Proof-Based Traceability}{chapter.7}% 32
\BOOKMARK [1][-]{section.7.2}{Coverage Analysis and Requirements Completeness}{chapter.7}% 33
\BOOKMARK [1][-]{section.7.3}{Discussion}{chapter.7}% 34
\BOOKMARK [2][-]{subsection.7.3.1}{Granularity}{section.7.3}% 35
\BOOKMARK [0][-]{chapter.8}{Conclusions}{}% 36
\BOOKMARK [0][-]{chapter*.29}{References}{}% 37
